[ERROR] 2024-03-25 09:55:00 [TestNG-tests-1] Assertions - Response does not contain expected keys: 'car', 'house'
[ERROR] 2024-03-25 09:55:01 [TestNG-tests-1] Assertions - Field 'lname' has type 'String' expected 'Integer'.
[ERROR] 2024-03-25 09:55:01 [TestNG-tests-1] Assertions - Field 'lname' has type 'String' expected 'Boolean'.
[ERROR] 2024-03-25 09:59:42 [TestNG-tests-1] Assertions - Response does not contain expected keys: 'car', 'house'
[ERROR] 2024-03-25 09:59:43 [TestNG-tests-1] Assertions - Field 'lname' has type 'String' expected 'Integer'.
[ERROR] 2024-03-25 17:14:50 [TestNG-tests-1] Assertions - Response does not contain expected keys: 'car', 'house'
[ERROR] 2024-03-25 17:14:53 [TestNG-tests-1] Assertions - Field 'lname' has type 'String' expected 'Integer'.
[ERROR] 2024-03-25 17:14:55 [TestNG-tests-1] Assertions - Field 'lname' has type 'String' expected 'Boolean'.
